{"total": {"lines":{"total":498,"covered":382,"skipped":0,"pct":76.7},"statements":{"total":533,"covered":398,"skipped":0,"pct":74.67},"functions":{"total":80,"covered":68,"skipped":0,"pct":85},"branches":{"total":373,"covered":215,"skipped":0,"pct":57.64},"branchesTrue":{"total":0,"covered":0,"skipped":0,"pct":100}}
,"/Users/zhuyuezx/Documents/UCSD/Fall_2025/CSE210/Repository-Architecture-Diagramming/backend/src/config/parserConfig.js": {"lines":{"total":10,"covered":10,"skipped":0,"pct":100},"functions":{"total":1,"covered":1,"skipped":0,"pct":100},"statements":{"total":14,"covered":10,"skipped":0,"pct":71.42},"branches":{"total":8,"covered":4,"skipped":0,"pct":50}}
,"/Users/zhuyuezx/Documents/UCSD/Fall_2025/CSE210/Repository-Architecture-Diagramming/backend/src/services/cacheService.js": {"lines":{"total":16,"covered":16,"skipped":0,"pct":100},"functions":{"total":7,"covered":7,"skipped":0,"pct":100},"statements":{"total":16,"covered":16,"skipped":0,"pct":100},"branches":{"total":4,"covered":3,"skipped":0,"pct":75}}
,"/Users/zhuyuezx/Documents/UCSD/Fall_2025/CSE210/Repository-Architecture-Diagramming/backend/src/services/dependencyService.js": {"lines":{"total":148,"covered":138,"skipped":0,"pct":93.24},"functions":{"total":24,"covered":24,"skipped":0,"pct":100},"statements":{"total":158,"covered":143,"skipped":0,"pct":90.5},"branches":{"total":109,"covered":82,"skipped":0,"pct":75.22}}
,"/Users/zhuyuezx/Documents/UCSD/Fall_2025/CSE210/Repository-Architecture-Diagramming/backend/src/services/githubService.js": {"lines":{"total":75,"covered":64,"skipped":0,"pct":85.33},"functions":{"total":14,"covered":12,"skipped":0,"pct":85.71},"statements":{"total":79,"covered":66,"skipped":0,"pct":83.54},"branches":{"total":46,"covered":27,"skipped":0,"pct":58.69}}
,"/Users/zhuyuezx/Documents/UCSD/Fall_2025/CSE210/Repository-Architecture-Diagramming/backend/src/services/graphService.js": {"lines":{"total":87,"covered":85,"skipped":0,"pct":97.7},"functions":{"total":14,"covered":14,"skipped":0,"pct":100},"statements":{"total":100,"covered":94,"skipped":0,"pct":94},"branches":{"total":82,"covered":65,"skipped":0,"pct":79.26}}
,"/Users/zhuyuezx/Documents/UCSD/Fall_2025/CSE210/Repository-Architecture-Diagramming/backend/src/services/llmService.js": {"lines":{"total":82,"covered":60,"skipped":0,"pct":73.17},"functions":{"total":9,"covered":8,"skipped":0,"pct":88.88},"statements":{"total":82,"covered":60,"skipped":0,"pct":73.17},"branches":{"total":56,"covered":32,"skipped":0,"pct":57.14}}
,"/Users/zhuyuezx/Documents/UCSD/Fall_2025/CSE210/Repository-Architecture-Diagramming/backend/src/services/repoMetadataService.js": {"lines":{"total":80,"covered":9,"skipped":0,"pct":11.25},"functions":{"total":11,"covered":2,"skipped":0,"pct":18.18},"statements":{"total":84,"covered":9,"skipped":0,"pct":10.71},"branches":{"total":68,"covered":2,"skipped":0,"pct":2.94}}
}
